[2026-02-20 03:06:10] production.ERROR: The /home/santimansilla-bkp/Escritorio/enst/proyecto-estudio/bootstrap/cache directory must be present and writable. {"exception":"[object] (Exception(code: 0): The /home/santimansilla-bkp/Escritorio/enst/proyecto-estudio/bootstrap/cache directory must be present and writable. at /home/santimansilla-bkp/Escritorio/enst/proyecto-estudio/vendor/laravel/framework/src/Illuminate/Foundation/PackageManifest.php:179)
[stacktrace]
#0 /home/santimansilla-bkp/Escritorio/enst/proyecto-estudio/vendor/laravel/framework/src/Illuminate/Foundation/PackageManifest.php(132): Illuminate\\Foundation\\PackageManifest->write()
#1 /home/santimansilla-bkp/Escritorio/enst/proyecto-estudio/vendor/laravel/framework/src/Illuminate/Foundation/PackageManifest.php(108): Illuminate\\Foundation\\PackageManifest->build()
#2 /home/santimansilla-bkp/Escritorio/enst/proyecto-estudio/vendor/laravel/framework/src/Illuminate/Foundation/PackageManifest.php(91): Illuminate\\Foundation\\PackageManifest->getManifest()
#3 /home/santimansilla-bkp/Escritorio/enst/proyecto-estudio/vendor/laravel/framework/src/Illuminate/Foundation/PackageManifest.php(80): Illuminate\\Foundation\\PackageManifest->config()
#4 /home/santimansilla-bkp/Escritorio/enst/proyecto-estudio/vendor/laravel/framework/src/Illuminate/Foundation/Bootstrap/RegisterFacades.php(26): Illuminate\\Foundation\\PackageManifest->aliases()
#5 /home/santimansilla-bkp/Escritorio/enst/proyecto-estudio/vendor/laravel/framework/src/Illuminate/Foundation/Application.php(342): Illuminate\\Foundation\\Bootstrap\\RegisterFacades->bootstrap()
#6 /home/santimansilla-bkp/Escritorio/enst/proyecto-estudio/vendor/laravel/framework/src/Illuminate/Foundation/Console/Kernel.php(474): Illuminate\\Foundation\\Application->bootstrapWith()
#7 /home/santimansilla-bkp/Escritorio/enst/proyecto-estudio/vendor/laravel/framework/src/Illuminate/Foundation/Console/Kernel.php(196): Illuminate\\Foundation\\Console\\Kernel->bootstrap()
#8 /home/santimansilla-bkp/Escritorio/enst/proyecto-estudio/artisan(14): Illuminate\\Foundation\\Console\\Kernel->handle()
#9 {main}
"} 
[2026-02-20 03:06:26] production.ERROR: Required. {"exception":"[object] (Laravel\\Prompts\\Exceptions\\NonInteractiveValidationException(code: 0): Required. at /home/santimansilla-bkp/Escritorio/enst/proyecto-estudio/vendor/laravel/prompts/src/Concerns/Interactivity.php:32)
[stacktrace]
#0 /home/santimansilla-bkp/Escritorio/enst/proyecto-estudio/vendor/laravel/prompts/src/Prompt.php(114): Laravel\\Prompts\\Prompt->default()
#1 /home/santimansilla-bkp/Escritorio/enst/proyecto-estudio/vendor/laravel/prompts/src/helpers.php(86): Laravel\\Prompts\\Prompt->prompt()
#2 /home/santimansilla-bkp/Escritorio/enst/proyecto-estudio/vendor/filament/widgets/src/Commands/MakeWidgetCommand.php(92): Laravel\\Prompts\\select()
#3 /home/santimansilla-bkp/Escritorio/enst/proyecto-estudio/vendor/laravel/framework/src/Illuminate/Container/BoundMethod.php(36): Filament\\Widgets\\Commands\\MakeWidgetCommand->handle()
#4 /home/santimansilla-bkp/Escritorio/enst/proyecto-estudio/vendor/laravel/framework/src/Illuminate/Container/Util.php(43): Illuminate\\Container\\BoundMethod::Illuminate\\Container\\{closure}()
#5 /home/santimansilla-bkp/Escritorio/enst/proyecto-estudio/vendor/laravel/framework/src/Illuminate/Container/BoundMethod.php(95): Illuminate\\Container\\Util::unwrapIfClosure()
#6 /home/santimansilla-bkp/Escritorio/enst/proyecto-estudio/vendor/laravel/framework/src/Illuminate/Container/BoundMethod.php(35): Illuminate\\Container\\BoundMethod::callBoundMethod()
#7 /home/santimansilla-bkp/Escritorio/enst/proyecto-estudio/vendor/laravel/framework/src/Illuminate/Container/Container.php(696): Illuminate\\Container\\BoundMethod::call()
#8 /home/santimansilla-bkp/Escritorio/enst/proyecto-estudio/vendor/laravel/framework/src/Illuminate/Console/Command.php(213): Illuminate\\Container\\Container->call()
#9 /home/santimansilla-bkp/Escritorio/enst/proyecto-estudio/vendor/symfony/console/Command/Command.php(341): Illuminate\\Console\\Command->execute()
#10 /home/santimansilla-bkp/Escritorio/enst/proyecto-estudio/vendor/laravel/framework/src/Illuminate/Console/Command.php(182): Symfony\\Component\\Console\\Command\\Command->run()
#11 /home/santimansilla-bkp/Escritorio/enst/proyecto-estudio/vendor/symfony/console/Application.php(1102): Illuminate\\Console\\Command->run()
#12 /home/santimansilla-bkp/Escritorio/enst/proyecto-estudio/vendor/symfony/console/Application.php(356): Symfony\\Component\\Console\\Application->doRunCommand()
#13 /home/santimansilla-bkp/Escritorio/enst/proyecto-estudio/vendor/symfony/console/Application.php(195): Symfony\\Component\\Console\\Application->doRun()
#14 /home/santimansilla-bkp/Escritorio/enst/proyecto-estudio/vendor/laravel/framework/src/Illuminate/Foundation/Console/Kernel.php(198): Symfony\\Component\\Console\\Application->run()
#15 /home/santimansilla-bkp/Escritorio/enst/proyecto-estudio/artisan(14): Illuminate\\Foundation\\Console\\Kernel->handle()
#16 {main}
"} 
[2026-02-20 03:06:26] production.ERROR: Call to a member function getResourceDirectories() on null {"exception":"[object] (Error(code: 0): Call to a member function getResourceDirectories() on null at /home/santimansilla-bkp/Escritorio/enst/proyecto-estudio/vendor/filament/filament/src/Commands/MakeResourceCommand.php:105)
[stacktrace]
#0 /home/santimansilla-bkp/Escritorio/enst/proyecto-estudio/vendor/laravel/framework/src/Illuminate/Container/BoundMethod.php(36): Filament\\Commands\\MakeResourceCommand->handle()
#1 /home/santimansilla-bkp/Escritorio/enst/proyecto-estudio/vendor/laravel/framework/src/Illuminate/Container/Util.php(43): Illuminate\\Container\\BoundMethod::Illuminate\\Container\\{closure}()
#2 /home/santimansilla-bkp/Escritorio/enst/proyecto-estudio/vendor/laravel/framework/src/Illuminate/Container/BoundMethod.php(95): Illuminate\\Container\\Util::unwrapIfClosure()
#3 /home/santimansilla-bkp/Escritorio/enst/proyecto-estudio/vendor/laravel/framework/src/Illuminate/Container/BoundMethod.php(35): Illuminate\\Container\\BoundMethod::callBoundMethod()
#4 /home/santimansilla-bkp/Escritorio/enst/proyecto-estudio/vendor/laravel/framework/src/Illuminate/Container/Container.php(696): Illuminate\\Container\\BoundMethod::call()
#5 /home/santimansilla-bkp/Escritorio/enst/proyecto-estudio/vendor/laravel/framework/src/Illuminate/Console/Command.php(213): Illuminate\\Container\\Container->call()
#6 /home/santimansilla-bkp/Escritorio/enst/proyecto-estudio/vendor/symfony/console/Command/Command.php(341): Illuminate\\Console\\Command->execute()
#7 /home/santimansilla-bkp/Escritorio/enst/proyecto-estudio/vendor/laravel/framework/src/Illuminate/Console/Command.php(182): Symfony\\Component\\Console\\Command\\Command->run()
#8 /home/santimansilla-bkp/Escritorio/enst/proyecto-estudio/vendor/symfony/console/Application.php(1102): Illuminate\\Console\\Command->run()
#9 /home/santimansilla-bkp/Escritorio/enst/proyecto-estudio/vendor/symfony/console/Application.php(356): Symfony\\Component\\Console\\Application->doRunCommand()
#10 /home/santimansilla-bkp/Escritorio/enst/proyecto-estudio/vendor/symfony/console/Application.php(195): Symfony\\Component\\Console\\Application->doRun()
#11 /home/santimansilla-bkp/Escritorio/enst/proyecto-estudio/vendor/laravel/framework/src/Illuminate/Foundation/Console/Kernel.php(198): Symfony\\Component\\Console\\Application->run()
#12 /home/santimansilla-bkp/Escritorio/enst/proyecto-estudio/artisan(14): Illuminate\\Foundation\\Console\\Kernel->handle()
#13 {main}
"} 
[2026-02-20 03:08:12] production.ERROR: SQLSTATE[HY000] [1045] Access denied for user 'root'@'172.18.0.1' (using password: NO) (Connection: mysql, SQL: delete from `cache`) {"exception":"[object] (Illuminate\\Database\\QueryException(code: 1045): SQLSTATE[HY000] [1045] Access denied for user 'root'@'172.18.0.1' (using password: NO) (Connection: mysql, SQL: delete from `cache`) at /home/santimansilla-bkp/Escritorio/enst/proyecto-estudio/vendor/laravel/framework/src/Illuminate/Database/Connection.php:825)
[stacktrace]
#0 /home/santimansilla-bkp/Escritorio/enst/proyecto-estudio/vendor/laravel/framework/src/Illuminate/Database/Connection.php(779): Illuminate\\Database\\Connection->runQueryCallback()
#1 /home/santimansilla-bkp/Escritorio/enst/proyecto-estudio/vendor/laravel/framework/src/Illuminate/Database/Connection.php(584): Illuminate\\Database\\Connection->run()
#2 /home/santimansilla-bkp/Escritorio/enst/proyecto-estudio/vendor/laravel/framework/src/Illuminate/Database/Connection.php(548): Illuminate\\Database\\Connection->affectingStatement()
#3 /home/santimansilla-bkp/Escritorio/enst/proyecto-estudio/vendor/laravel/framework/src/Illuminate/Database/Query/Builder.php(4024): Illuminate\\Database\\Connection->delete()
#4 /home/santimansilla-bkp/Escritorio/enst/proyecto-estudio/vendor/laravel/framework/src/Illuminate/Cache/DatabaseStore.php(422): Illuminate\\Database\\Query\\Builder->delete()
#5 /home/santimansilla-bkp/Escritorio/enst/proyecto-estudio/vendor/laravel/framework/src/Illuminate/Cache/Repository.php(792): Illuminate\\Cache\\DatabaseStore->flush()
#6 /home/santimansilla-bkp/Escritorio/enst/proyecto-estudio/vendor/laravel/framework/src/Illuminate/Cache/Console/ClearCommand.php(69): Illuminate\\Cache\\Repository->__call()
#7 /home/santimansilla-bkp/Escritorio/enst/proyecto-estudio/vendor/laravel/framework/src/Illuminate/Container/BoundMethod.php(36): Illuminate\\Cache\\Console\\ClearCommand->handle()
#8 /home/santimansilla-bkp/Escritorio/enst/proyecto-estudio/vendor/laravel/framework/src/Illuminate/Container/Util.php(43): Illuminate\\Container\\BoundMethod::Illuminate\\Container\\{closure}()
#9 /home/santimansilla-bkp/Escritorio/enst/proyecto-estudio/vendor/laravel/framework/src/Illuminate/Container/BoundMethod.php(95): Illuminate\\Container\\Util::unwrapIfClosure()
#10 /home/santimansilla-bkp/Escritorio/enst/proyecto-estudio/vendor/laravel/framework/src/Illuminate/Container/BoundMethod.php(35): Illuminate\\Container\\BoundMethod::callBoundMethod()
#11 /home/santimansilla-bkp/Escritorio/enst/proyecto-estudio/vendor/laravel/framework/src/Illuminate/Container/Container.php(696): Illuminate\\Container\\BoundMethod::call()
#12 /home/santimansilla-bkp/Escritorio/enst/proyecto-estudio/vendor/laravel/framework/src/Illuminate/Console/Command.php(213): Illuminate\\Container\\Container->call()
#13 /home/santimansilla-bkp/Escritorio/enst/proyecto-estudio/vendor/symfony/console/Command/Command.php(341): Illuminate\\Console\\Command->execute()
#14 /home/santimansilla-bkp/Escritorio/enst/proyecto-estudio/vendor/laravel/framework/src/Illuminate/Console/Command.php(182): Symfony\\Component\\Console\\Command\\Command->run()
#15 /home/santimansilla-bkp/Escritorio/enst/proyecto-estudio/vendor/laravel/framework/src/Illuminate/Console/Concerns/CallsCommands.php(68): Illuminate\\Console\\Command->run()
#16 /home/santimansilla-bkp/Escritorio/enst/proyecto-estudio/vendor/laravel/framework/src/Illuminate/Console/Concerns/CallsCommands.php(41): Illuminate\\Console\\Command->runCommand()
#17 /home/santimansilla-bkp/Escritorio/enst/proyecto-estudio/vendor/laravel/framework/src/Illuminate/Console/Concerns/CallsCommands.php(53): Illuminate\\Console\\Command->callSilent()
#18 /home/santimansilla-bkp/Escritorio/enst/proyecto-estudio/vendor/laravel/framework/src/Illuminate/Foundation/Console/OptimizeClearCommand.php(48): Illuminate\\Console\\Command->callSilently()
#19 /home/santimansilla-bkp/Escritorio/enst/proyecto-estudio/vendor/laravel/framework/src/Illuminate/Console/View/Components/Task.php(40): Illuminate\\Foundation\\Console\\OptimizeClearCommand->Illuminate\\Foundation\\Console\\{closure}()
#20 /home/santimansilla-bkp/Escritorio/enst/proyecto-estudio/vendor/laravel/framework/src/Illuminate/Console/View/Components/Factory.php(60): Illuminate\\Console\\View\\Components\\Task->render()
#21 /home/santimansilla-bkp/Escritorio/enst/proyecto-estudio/vendor/laravel/framework/src/Illuminate/Foundation/Console/OptimizeClearCommand.php(48): Illuminate\\Console\\View\\Components\\Factory->__call()
#22 /home/santimansilla-bkp/Escritorio/enst/proyecto-estudio/vendor/laravel/framework/src/Illuminate/Container/BoundMethod.php(36): Illuminate\\Foundation\\Console\\OptimizeClearCommand->handle()
#23 /home/santimansilla-bkp/Escritorio/enst/proyecto-estudio/vendor/laravel/framework/src/Illuminate/Container/Util.php(43): Illuminate\\Container\\BoundMethod::Illuminate\\Container\\{closure}()
#24 /home/santimansilla-bkp/Escritorio/enst/proyecto-estudio/vendor/laravel/framework/src/Illuminate/Container/BoundMethod.php(95): Illuminate\\Container\\Util::unwrapIfClosure()
#25 /home/santimansilla-bkp/Escritorio/enst/proyecto-estudio/vendor/laravel/framework/src/Illuminate/Container/BoundMethod.php(35): Illuminate\\Container\\BoundMethod::callBoundMethod()
#26 /home/santimansilla-bkp/Escritorio/enst/proyecto-estudio/vendor/laravel/framework/src/Illuminate/Container/Container.php(696): Illuminate\\Container\\BoundMethod::call()
#27 /home/santimansilla-bkp/Escritorio/enst/proyecto-estudio/vendor/laravel/framework/src/Illuminate/Console/Command.php(213): Illuminate\\Container\\Container->call()
#28 /home/santimansilla-bkp/Escritorio/enst/proyecto-estudio/vendor/symfony/console/Command/Command.php(341): Illuminate\\Console\\Command->execute()
#29 /home/santimansilla-bkp/Escritorio/enst/proyecto-estudio/vendor/laravel/framework/src/Illuminate/Console/Command.php(182): Symfony\\Component\\Console\\Command\\Command->run()
#30 /home/santimansilla-bkp/Escritorio/enst/proyecto-estudio/vendor/symfony/console/Application.php(1102): Illuminate\\Console\\Command->run()
#31 /home/santimansilla-bkp/Escritorio/enst/proyecto-estudio/vendor/symfony/console/Application.php(356): Symfony\\Component\\Console\\Application->doRunCommand()
#32 /home/santimansilla-bkp/Escritorio/enst/proyecto-estudio/vendor/symfony/console/Application.php(195): Symfony\\Component\\Console\\Application->doRun()
#33 /home/santimansilla-bkp/Escritorio/enst/proyecto-estudio/vendor/laravel/framework/src/Illuminate/Foundation/Console/Kernel.php(198): Symfony\\Component\\Console\\Application->run()
#34 /home/santimansilla-bkp/Escritorio/enst/proyecto-estudio/artisan(14): Illuminate\\Foundation\\Console\\Kernel->handle()
#35 {main}

[previous exception] [object] (PDOException(code: 1045): SQLSTATE[HY000] [1045] Access denied for user 'root'@'172.18.0.1' (using password: NO) at /home/santimansilla-bkp/Escritorio/enst/proyecto-estudio/vendor/laravel/framework/src/Illuminate/Database/Connectors/Connector.php:66)
[stacktrace]
#0 /home/santimansilla-bkp/Escritorio/enst/proyecto-estudio/vendor/laravel/framework/src/Illuminate/Database/Connectors/Connector.php(66): PDO->__construct()
#1 /home/santimansilla-bkp/Escritorio/enst/proyecto-estudio/vendor/laravel/framework/src/Illuminate/Database/Connectors/Connector.php(44): Illuminate\\Database\\Connectors\\Connector->createPdoConnection()
#2 /home/santimansilla-bkp/Escritorio/enst/proyecto-estudio/vendor/laravel/framework/src/Illuminate/Database/Connectors/MySqlConnector.php(24): Illuminate\\Database\\Connectors\\Connector->createConnection()
#3 /home/santimansilla-bkp/Escritorio/enst/proyecto-estudio/vendor/laravel/framework/src/Illuminate/Database/Connectors/ConnectionFactory.php(185): Illuminate\\Database\\Connectors\\MySqlConnector->connect()
#4 [internal function]: Illuminate\\Database\\Connectors\\ConnectionFactory->Illuminate\\Database\\Connectors\\{closure}()
#5 /home/santimansilla-bkp/Escritorio/enst/proyecto-estudio/vendor/laravel/framework/src/Illuminate/Database/Connection.php(1231): call_user_func()
#6 /home/santimansilla-bkp/Escritorio/enst/proyecto-estudio/vendor/laravel/framework/src/Illuminate/Database/Connection.php(592): Illuminate\\Database\\Connection->getPdo()
#7 /home/santimansilla-bkp/Escritorio/enst/proyecto-estudio/vendor/laravel/framework/src/Illuminate/Database/Connection.php(812): Illuminate\\Database\\Connection->Illuminate\\Database\\{closure}()
#8 /home/santimansilla-bkp/Escritorio/enst/proyecto-estudio/vendor/laravel/framework/src/Illuminate/Database/Connection.php(779): Illuminate\\Database\\Connection->runQueryCallback()
#9 /home/santimansilla-bkp/Escritorio/enst/proyecto-estudio/vendor/laravel/framework/src/Illuminate/Database/Connection.php(584): Illuminate\\Database\\Connection->run()
#10 /home/santimansilla-bkp/Escritorio/enst/proyecto-estudio/vendor/laravel/framework/src/Illuminate/Database/Connection.php(548): Illuminate\\Database\\Connection->affectingStatement()
#11 /home/santimansilla-bkp/Escritorio/enst/proyecto-estudio/vendor/laravel/framework/src/Illuminate/Database/Query/Builder.php(4024): Illuminate\\Database\\Connection->delete()
#12 /home/santimansilla-bkp/Escritorio/enst/proyecto-estudio/vendor/laravel/framework/src/Illuminate/Cache/DatabaseStore.php(422): Illuminate\\Database\\Query\\Builder->delete()
#13 /home/santimansilla-bkp/Escritorio/enst/proyecto-estudio/vendor/laravel/framework/src/Illuminate/Cache/Repository.php(792): Illuminate\\Cache\\DatabaseStore->flush()
#14 /home/santimansilla-bkp/Escritorio/enst/proyecto-estudio/vendor/laravel/framework/src/Illuminate/Cache/Console/ClearCommand.php(69): Illuminate\\Cache\\Repository->__call()
#15 /home/santimansilla-bkp/Escritorio/enst/proyecto-estudio/vendor/laravel/framework/src/Illuminate/Container/BoundMethod.php(36): Illuminate\\Cache\\Console\\ClearCommand->handle()
#16 /home/santimansilla-bkp/Escritorio/enst/proyecto-estudio/vendor/laravel/framework/src/Illuminate/Container/Util.php(43): Illuminate\\Container\\BoundMethod::Illuminate\\Container\\{closure}()
#17 /home/santimansilla-bkp/Escritorio/enst/proyecto-estudio/vendor/laravel/framework/src/Illuminate/Container/BoundMethod.php(95): Illuminate\\Container\\Util::unwrapIfClosure()
#18 /home/santimansilla-bkp/Escritorio/enst/proyecto-estudio/vendor/laravel/framework/src/Illuminate/Container/BoundMethod.php(35): Illuminate\\Container\\BoundMethod::callBoundMethod()
#19 /home/santimansilla-bkp/Escritorio/enst/proyecto-estudio/vendor/laravel/framework/src/Illuminate/Container/Container.php(696): Illuminate\\Container\\BoundMethod::call()
#20 /home/santimansilla-bkp/Escritorio/enst/proyecto-estudio/vendor/laravel/framework/src/Illuminate/Console/Command.php(213): Illuminate\\Container\\Container->call()
#21 /home/santimansilla-bkp/Escritorio/enst/proyecto-estudio/vendor/symfony/console/Command/Command.php(341): Illuminate\\Console\\Command->execute()
#22 /home/santimansilla-bkp/Escritorio/enst/proyecto-estudio/vendor/laravel/framework/src/Illuminate/Console/Command.php(182): Symfony\\Component\\Console\\Command\\Command->run()
#23 /home/santimansilla-bkp/Escritorio/enst/proyecto-estudio/vendor/laravel/framework/src/Illuminate/Console/Concerns/CallsCommands.php(68): Illuminate\\Console\\Command->run()
#24 /home/santimansilla-bkp/Escritorio/enst/proyecto-estudio/vendor/laravel/framework/src/Illuminate/Console/Concerns/CallsCommands.php(41): Illuminate\\Console\\Command->runCommand()
#25 /home/santimansilla-bkp/Escritorio/enst/proyecto-estudio/vendor/laravel/framework/src/Illuminate/Console/Concerns/CallsCommands.php(53): Illuminate\\Console\\Command->callSilent()
#26 /home/santimansilla-bkp/Escritorio/enst/proyecto-estudio/vendor/laravel/framework/src/Illuminate/Foundation/Console/OptimizeClearCommand.php(48): Illuminate\\Console\\Command->callSilently()
#27 /home/santimansilla-bkp/Escritorio/enst/proyecto-estudio/vendor/laravel/framework/src/Illuminate/Console/View/Components/Task.php(40): Illuminate\\Foundation\\Console\\OptimizeClearCommand->Illuminate\\Foundation\\Console\\{closure}()
#28 /home/santimansilla-bkp/Escritorio/enst/proyecto-estudio/vendor/laravel/framework/src/Illuminate/Console/View/Components/Factory.php(60): Illuminate\\Console\\View\\Components\\Task->render()
#29 /home/santimansilla-bkp/Escritorio/enst/proyecto-estudio/vendor/laravel/framework/src/Illuminate/Foundation/Console/OptimizeClearCommand.php(48): Illuminate\\Console\\View\\Components\\Factory->__call()
#30 /home/santimansilla-bkp/Escritorio/enst/proyecto-estudio/vendor/laravel/framework/src/Illuminate/Container/BoundMethod.php(36): Illuminate\\Foundation\\Console\\OptimizeClearCommand->handle()
#31 /home/santimansilla-bkp/Escritorio/enst/proyecto-estudio/vendor/laravel/framework/src/Illuminate/Container/Util.php(43): Illuminate\\Container\\BoundMethod::Illuminate\\Container\\{closure}()
#32 /home/santimansilla-bkp/Escritorio/enst/proyecto-estudio/vendor/laravel/framework/src/Illuminate/Container/BoundMethod.php(95): Illuminate\\Container\\Util::unwrapIfClosure()
#33 /home/santimansilla-bkp/Escritorio/enst/proyecto-estudio/vendor/laravel/framework/src/Illuminate/Container/BoundMethod.php(35): Illuminate\\Container\\BoundMethod::callBoundMethod()
#34 /home/santimansilla-bkp/Escritorio/enst/proyecto-estudio/vendor/laravel/framework/src/Illuminate/Container/Container.php(696): Illuminate\\Container\\BoundMethod::call()
#35 /home/santimansilla-bkp/Escritorio/enst/proyecto-estudio/vendor/laravel/framework/src/Illuminate/Console/Command.php(213): Illuminate\\Container\\Container->call()
#36 /home/santimansilla-bkp/Escritorio/enst/proyecto-estudio/vendor/symfony/console/Command/Command.php(341): Illuminate\\Console\\Command->execute()
#37 /home/santimansilla-bkp/Escritorio/enst/proyecto-estudio/vendor/laravel/framework/src/Illuminate/Console/Command.php(182): Symfony\\Component\\Console\\Command\\Command->run()
#38 /home/santimansilla-bkp/Escritorio/enst/proyecto-estudio/vendor/symfony/console/Application.php(1102): Illuminate\\Console\\Command->run()
#39 /home/santimansilla-bkp/Escritorio/enst/proyecto-estudio/vendor/symfony/console/Application.php(356): Symfony\\Component\\Console\\Application->doRunCommand()
#40 /home/santimansilla-bkp/Escritorio/enst/proyecto-estudio/vendor/symfony/console/Application.php(195): Symfony\\Component\\Console\\Application->doRun()
#41 /home/santimansilla-bkp/Escritorio/enst/proyecto-estudio/vendor/laravel/framework/src/Illuminate/Foundation/Console/Kernel.php(198): Symfony\\Component\\Console\\Application->run()
#42 /home/santimansilla-bkp/Escritorio/enst/proyecto-estudio/artisan(14): Illuminate\\Foundation\\Console\\Kernel->handle()
#43 {main}
"} 
